<?xml version="1.0" encoding="UTF-8"?>
<!-- Generated by org.testng.reporters.JUnitXMLReporter -->
<testsuite ignored="2" hostname="LAPTOP-H519OSTH" failures="0" tests="6" name="Test" time="173.071" errors="0" timestamp="2022-10-10T17:30:10 BDT">
  <testcase classname="tests.AddBookToCart" name="hoverAndClickKolpobiggyan" time="25.113"/>
  <testcase classname="tests.AddBookToCart" name="scrollAndGoNext" time="8.646"/>
  <testcase classname="tests.AddBookToCart" name="viewAnyBook" time="20.439"/>
  <testcase classname="tests.AddBookToCart" name="addToCart" time="14.012"/>
  <testcase classname="tests.CheckOut" name="hoverCartAndClickCheckout" time="16.778"/>
  <testcase classname="tests.CheckOut" name="provideInformation" time="79.12"/>
  <testcase classname="drivers.BaseDriver" name="@BeforeSuite start" time="0.0">
    <ignored/>
  </testcase> <!-- @BeforeSuite start -->
  <testcase classname="drivers.BaseDriver" name="@AfterSuite close" time="0.0">
    <ignored/>
  </testcase> <!-- @AfterSuite close -->
</testsuite> <!-- Test -->
